Vivado Simulator 2018.3
Time resolution is 1 ps
Register File          x

         x

         x

Register File          1

         x

         x

Register File          1

         3

         x

Register File          1

         3

         x

Register File          3

         3

         x

Register File          3

         2

         x

Register File          3

         2

         x

Register File          3

         2

         x

Register File          6

         2

         x

Register File          6

         1

         x

Register File          6

         1

         x

Register File          6

         1

         x

Register File          6

         1

         x

Register File          6

         0

         x

Register File          6

         0

         x

Register File          6

         0

         x

Register File          6

         0

         x

Register File          6

         0

         x

Data memory          3

         6

         x

$finish called at time : 370 ns : File "C:/Users/prana/OneDrive/Documents/GitHub/beta-risc/beta_risc/beta_risc.srcs/sim_1/new/t_beta.v" Line 63
