INFO: [VRFC 10-2263] Analyzing Verilog file "C:/Users/prana/OneDrive/Documents/GitHub/beta-risc/beta_risc/beta_risc.srcs/sources_1/new/alu.v" into library xil_defaultlib
INFO: [VRFC 10-311] analyzing module alu
INFO: [VRFC 10-2263] Analyzing Verilog file "C:/Users/prana/OneDrive/Documents/GitHub/beta-risc/beta_risc/beta_risc.srcs/sources_1/new/beta.v" into library xil_defaultlib
INFO: [VRFC 10-311] analyzing module beta
INFO: [VRFC 10-2263] Analyzing Verilog file "C:/Users/prana/OneDrive/Documents/GitHub/beta-risc/beta_risc/beta_risc.srcs/sources_1/new/control_logic.v" into library xil_defaultlib
INFO: [VRFC 10-311] analyzing module control_logic
INFO: [VRFC 10-2263] Analyzing Verilog file "C:/Users/prana/OneDrive/Documents/GitHub/beta-risc/beta_risc/beta_risc.srcs/sources_1/new/data_memory.v" into library xil_defaultlib
INFO: [VRFC 10-311] analyzing module data_memory
INFO: [VRFC 10-2263] Analyzing Verilog file "C:/Users/prana/OneDrive/Documents/GitHub/beta-risc/beta_risc/beta_risc.srcs/sources_1/new/inst_memory.v" into library xil_defaultlib
INFO: [VRFC 10-311] analyzing module inst_memory
INFO: [VRFC 10-2263] Analyzing Verilog file "C:/Users/prana/OneDrive/Documents/GitHub/beta-risc/beta_risc/beta_risc.srcs/sources_1/new/mux_2x1.v" into library xil_defaultlib
INFO: [VRFC 10-311] analyzing module mux_2x1
INFO: [VRFC 10-2263] Analyzing Verilog file "C:/Users/prana/OneDrive/Documents/GitHub/beta-risc/beta_risc/beta_risc.srcs/sources_1/new/mux_3x1.v" into library xil_defaultlib
INFO: [VRFC 10-311] analyzing module mux_3x1
INFO: [VRFC 10-2263] Analyzing Verilog file "C:/Users/prana/OneDrive/Documents/GitHub/beta-risc/beta_risc/beta_risc.srcs/sources_1/new/mux_5x1.v" into library xil_defaultlib
INFO: [VRFC 10-311] analyzing module mux_5x1
INFO: [VRFC 10-2263] Analyzing Verilog file "C:/Users/prana/OneDrive/Documents/GitHub/beta-risc/beta_risc/beta_risc.srcs/sources_1/new/register_file.v" into library xil_defaultlib
INFO: [VRFC 10-311] analyzing module register_file
INFO: [VRFC 10-2263] Analyzing Verilog file "C:/Users/prana/OneDrive/Documents/GitHub/beta-risc/beta_risc/beta_risc.srcs/sim_1/new/t_beta.v" into library xil_defaultlib
INFO: [VRFC 10-311] analyzing module t_beta
